  [1m[35m (628.8ms)[0m  [1m[35mCREATE DATABASE "BoredAF-NY_development" ENCODING = 'unicode'[0m
  ↳ bin/rails:9
  [1m[35m (447.6ms)[0m  [1m[35mCREATE DATABASE "BoredAF-NY_test" ENCODING = 'unicode'[0m
  ↳ bin/rails:9
  [1m[35m (44.0ms)[0m  [1m[35mCREATE TABLE "schema_migrations" ("version" character varying NOT NULL PRIMARY KEY)[0m
  ↳ bin/rails:9
  [1m[35m (41.9ms)[0m  [1m[35mCREATE TABLE "ar_internal_metadata" ("key" character varying NOT NULL PRIMARY KEY, "value" character varying, "created_at" timestamp NOT NULL, "updated_at" timestamp NOT NULL)[0m
  ↳ bin/rails:9
  [1m[35m (0.7ms)[0m  [1m[34mSELECT pg_try_advisory_lock(8169983195745305340)[0m
  ↳ bin/rails:9
  [1m[35m (1.1ms)[0m  [1m[34mSELECT "schema_migrations"."version" FROM "schema_migrations" ORDER BY "schema_migrations"."version" ASC[0m
  ↳ bin/rails:9
Migrating to CreateUsers (20181220220136)
  [1m[35m (40.7ms)[0m  [1m[35mBEGIN[0m
  ↳ bin/rails:9
  [1m[35m (10.3ms)[0m  [1m[35mCREATE TABLE "users" ("id" bigserial primary key, "name" character varying, "username" character varying, "age" integer, "password_digest" character varying, "created_at" timestamp NOT NULL, "updated_at" timestamp NOT NULL)[0m
  ↳ db/migrate/20181220220136_create_users.rb:3
  [1m[36mActiveRecord::SchemaMigration Create (1.6ms)[0m  [1m[32mINSERT INTO "schema_migrations" ("version") VALUES ($1) RETURNING "version"[0m  [["version", "20181220220136"]]
  ↳ bin/rails:9
  [1m[35m (0.6ms)[0m  [1m[35mCOMMIT[0m
  ↳ bin/rails:9
Migrating to CreateActivities (20181220220216)
  [1m[35m (39.6ms)[0m  [1m[35mBEGIN[0m
  ↳ bin/rails:9
  [1m[35m (5.3ms)[0m  [1m[35mCREATE TABLE "activities" ("id" bigserial primary key, "activity" character varying, "type" character varying, "participants" integer, "price" integer, "link" character varying DEFAULT '', "created_at" timestamp NOT NULL, "updated_at" timestamp NOT NULL)[0m
  ↳ db/migrate/20181220220216_create_activities.rb:3
  [1m[36mActiveRecord::SchemaMigration Create (0.5ms)[0m  [1m[32mINSERT INTO "schema_migrations" ("version") VALUES ($1) RETURNING "version"[0m  [["version", "20181220220216"]]
  ↳ bin/rails:9
  [1m[35m (0.5ms)[0m  [1m[35mCOMMIT[0m
  ↳ bin/rails:9
Migrating to CreateUserActivities (20181220220248)
  [1m[35m (31.0ms)[0m  [1m[35mBEGIN[0m
  ↳ bin/rails:9
  [1m[35m (3.3ms)[0m  [1m[35mCREATE TABLE "user_activities" ("id" bigserial primary key, "created_at" timestamp NOT NULL, "updated_at" timestamp NOT NULL)[0m
  ↳ db/migrate/20181220220248_create_user_activities.rb:3
  [1m[36mActiveRecord::SchemaMigration Create (0.3ms)[0m  [1m[32mINSERT INTO "schema_migrations" ("version") VALUES ($1) RETURNING "version"[0m  [["version", "20181220220248"]]
  ↳ bin/rails:9
  [1m[35m (0.8ms)[0m  [1m[35mCOMMIT[0m
  ↳ bin/rails:9
  [1m[36mActiveRecord::InternalMetadata Load (0.7ms)[0m  [1m[34mSELECT  "ar_internal_metadata".* FROM "ar_internal_metadata" WHERE "ar_internal_metadata"."key" = $1 LIMIT $2[0m  [["key", "environment"], ["LIMIT", 1]]
  ↳ bin/rails:9
  [1m[35m (0.2ms)[0m  [1m[35mBEGIN[0m
  ↳ bin/rails:9
  [1m[36mActiveRecord::InternalMetadata Create (2.2ms)[0m  [1m[32mINSERT INTO "ar_internal_metadata" ("key", "value", "created_at", "updated_at") VALUES ($1, $2, $3, $4) RETURNING "key"[0m  [["key", "environment"], ["value", "development"], ["created_at", "2018-12-28 19:55:04.538167"], ["updated_at", "2018-12-28 19:55:04.538167"]]
  ↳ bin/rails:9
  [1m[35m (0.4ms)[0m  [1m[35mCOMMIT[0m
  ↳ bin/rails:9
  [1m[35m (0.2ms)[0m  [1m[34mSELECT pg_advisory_unlock(8169983195745305340)[0m
  ↳ bin/rails:9
  [1m[35m (0.8ms)[0m  [1m[34mSELECT "schema_migrations"."version" FROM "schema_migrations" ORDER BY "schema_migrations"."version" ASC[0m
  ↳ bin/rails:9
  [1m[35m (1.2ms)[0m  [1m[34mSELECT "schema_migrations"."version" FROM "schema_migrations" ORDER BY "schema_migrations"."version" ASC[0m
  ↳ bin/rails:9
  [1m[35m (0.4ms)[0m  [1m[34mSELECT "schema_migrations"."version" FROM "schema_migrations" ORDER BY "schema_migrations"."version" ASC[0m
  ↳ bin/rails:9
  [1m[35m (0.3ms)[0m  [1m[34mSELECT "schema_migrations"."version" FROM "schema_migrations" ORDER BY "schema_migrations"."version" ASC[0m
  ↳ bin/rails:9
  [1m[35m (0.2ms)[0m  [1m[34mSELECT pg_try_advisory_lock(8169983195745305340)[0m
  ↳ bin/rails:9
  [1m[35m (0.3ms)[0m  [1m[34mSELECT "schema_migrations"."version" FROM "schema_migrations" ORDER BY "schema_migrations"."version" ASC[0m
  ↳ bin/rails:9
Migrating to CreateUserActivities (20181220220248)
  [1m[35m (0.1ms)[0m  [1m[35mBEGIN[0m
  ↳ bin/rails:9
  [1m[35m (45.5ms)[0m  [1m[35mDROP TABLE "user_activities"[0m
  ↳ bin/rails:9
  [1m[36mActiveRecord::SchemaMigration Destroy (1.0ms)[0m  [1m[31mDELETE FROM "schema_migrations" WHERE "schema_migrations"."version" = $1[0m  [["version", "20181220220248"]]
  ↳ bin/rails:9
  [1m[35m (2.4ms)[0m  [1m[35mCOMMIT[0m
  ↳ bin/rails:9
Migrating to CreateActivities (20181220220216)
  [1m[35m (0.3ms)[0m  [1m[35mBEGIN[0m
  ↳ bin/rails:9
  [1m[35m (1.7ms)[0m  [1m[35mDROP TABLE "activities"[0m
  ↳ bin/rails:9
  [1m[36mActiveRecord::SchemaMigration Destroy (0.4ms)[0m  [1m[31mDELETE FROM "schema_migrations" WHERE "schema_migrations"."version" = $1[0m  [["version", "20181220220216"]]
  ↳ bin/rails:9
  [1m[35m (1.5ms)[0m  [1m[35mCOMMIT[0m
  ↳ bin/rails:9
Migrating to CreateUsers (20181220220136)
  [1m[35m (0.2ms)[0m  [1m[35mBEGIN[0m
  ↳ bin/rails:9
  [1m[35m (1.9ms)[0m  [1m[35mDROP TABLE "users"[0m
  ↳ bin/rails:9
  [1m[36mActiveRecord::SchemaMigration Destroy (1.6ms)[0m  [1m[31mDELETE FROM "schema_migrations" WHERE "schema_migrations"."version" = $1[0m  [["version", "20181220220136"]]
  ↳ bin/rails:9
  [1m[35m (2.2ms)[0m  [1m[35mCOMMIT[0m
  ↳ bin/rails:9
  [1m[35m (0.5ms)[0m  [1m[34mSELECT pg_advisory_unlock(8169983195745305340)[0m
  ↳ bin/rails:9
  [1m[35m (0.6ms)[0m  [1m[34mSELECT "schema_migrations"."version" FROM "schema_migrations" ORDER BY "schema_migrations"."version" ASC[0m
  ↳ bin/rails:9
  [1m[35m (0.3ms)[0m  [1m[34mSELECT pg_try_advisory_lock(8169983195745305340)[0m
  ↳ bin/rails:9
  [1m[35m (2.1ms)[0m  [1m[34mSELECT "schema_migrations"."version" FROM "schema_migrations" ORDER BY "schema_migrations"."version" ASC[0m
  ↳ bin/rails:9
Migrating to CreateUsers (20181220220136)
  [1m[35m (0.2ms)[0m  [1m[35mBEGIN[0m
  ↳ bin/rails:9
  [1m[35m (175.0ms)[0m  [1m[35mCREATE TABLE "users" ("id" bigserial primary key, "username" character varying, "password_digest" character varying, "created_at" timestamp NOT NULL, "updated_at" timestamp NOT NULL)[0m
  ↳ db/migrate/20181220220136_create_users.rb:3
  [1m[36mActiveRecord::SchemaMigration Create (0.7ms)[0m  [1m[32mINSERT INTO "schema_migrations" ("version") VALUES ($1) RETURNING "version"[0m  [["version", "20181220220136"]]
  ↳ bin/rails:9
  [1m[35m (0.8ms)[0m  [1m[35mCOMMIT[0m
  ↳ bin/rails:9
Migrating to CreateActivities (20181220220216)
  [1m[35m (39.8ms)[0m  [1m[35mBEGIN[0m
  ↳ bin/rails:9
  [1m[35m (7.2ms)[0m  [1m[35mCREATE TABLE "activities" ("id" bigserial primary key, "activity" character varying, "type" character varying, "participants" integer, "price" integer, "link" character varying DEFAULT '', "created_at" timestamp NOT NULL, "updated_at" timestamp NOT NULL)[0m
  ↳ db/migrate/20181220220216_create_activities.rb:3
  [1m[36mActiveRecord::SchemaMigration Create (0.3ms)[0m  [1m[32mINSERT INTO "schema_migrations" ("version") VALUES ($1) RETURNING "version"[0m  [["version", "20181220220216"]]
  ↳ bin/rails:9
  [1m[35m (0.8ms)[0m  [1m[35mCOMMIT[0m
  ↳ bin/rails:9
Migrating to CreateUserActivities (20181220220248)
  [1m[35m (39.7ms)[0m  [1m[35mBEGIN[0m
  ↳ bin/rails:9
  [1m[35m (17.0ms)[0m  [1m[35mCREATE TABLE "user_activities" ("id" bigserial primary key, "user_id" bigint, "activity_id" bigint, "tried" boolean DEFAULT FALSE, "created_at" timestamp NOT NULL, "updated_at" timestamp NOT NULL, CONSTRAINT "fk_rails_56e545161c"
FOREIGN KEY ("user_id")
  REFERENCES "users" ("id")
, CONSTRAINT "fk_rails_448025aed4"
FOREIGN KEY ("activity_id")
  REFERENCES "activities" ("id")
)[0m
  ↳ db/migrate/20181220220248_create_user_activities.rb:3
  [1m[35m (3.3ms)[0m  [1m[35mCREATE  INDEX  "index_user_activities_on_user_id" ON "user_activities"  ("user_id")[0m
  ↳ db/migrate/20181220220248_create_user_activities.rb:3
  [1m[35m (1.9ms)[0m  [1m[35mCREATE  INDEX  "index_user_activities_on_activity_id" ON "user_activities"  ("activity_id")[0m
  ↳ db/migrate/20181220220248_create_user_activities.rb:3
  [1m[36mActiveRecord::SchemaMigration Create (0.6ms)[0m  [1m[32mINSERT INTO "schema_migrations" ("version") VALUES ($1) RETURNING "version"[0m  [["version", "20181220220248"]]
  ↳ bin/rails:9
  [1m[35m (0.8ms)[0m  [1m[35mCOMMIT[0m
  ↳ bin/rails:9
  [1m[36mActiveRecord::InternalMetadata Load (42.1ms)[0m  [1m[34mSELECT  "ar_internal_metadata".* FROM "ar_internal_metadata" WHERE "ar_internal_metadata"."key" = $1 LIMIT $2[0m  [["key", "environment"], ["LIMIT", 1]]
  ↳ bin/rails:9
  [1m[35m (0.2ms)[0m  [1m[35mBEGIN[0m
  ↳ bin/rails:9
  [1m[35m (0.2ms)[0m  [1m[35mCOMMIT[0m
  ↳ bin/rails:9
  [1m[35m (0.3ms)[0m  [1m[34mSELECT pg_advisory_unlock(8169983195745305340)[0m
  ↳ bin/rails:9
  [1m[35m (0.4ms)[0m  [1m[34mSELECT "schema_migrations"."version" FROM "schema_migrations" ORDER BY "schema_migrations"."version" ASC[0m
  ↳ bin/rails:9
Started GET "/" for ::1 at 2018-12-28 16:49:56 -0500
  [1m[35m (1.0ms)[0m  [1m[34mSELECT "schema_migrations"."version" FROM "schema_migrations" ORDER BY "schema_migrations"."version" ASC[0m
  ↳ /Users/carsonrey/.rvm/gems/ruby-2.5.3/gems/activerecord-5.2.2/lib/active_record/log_subscriber.rb:98
Processing by Rails::WelcomeController#index as HTML
  Rendering /Users/carsonrey/.rvm/gems/ruby-2.5.3/gems/railties-5.2.2/lib/rails/templates/rails/welcome/index.html.erb
  Rendered /Users/carsonrey/.rvm/gems/ruby-2.5.3/gems/railties-5.2.2/lib/rails/templates/rails/welcome/index.html.erb (5.7ms)
Completed 200 OK in 22ms (Views: 17.0ms | ActiveRecord: 0.0ms)


Started GET "/favicon.ico" for ::1 at 2018-12-28 16:49:56 -0500
  
ActionController::RoutingError (No route matches [GET] "/favicon.ico"):
  
actionpack (5.2.2) lib/action_dispatch/middleware/debug_exceptions.rb:65:in `call'
actionpack (5.2.2) lib/action_dispatch/middleware/show_exceptions.rb:33:in `call'
railties (5.2.2) lib/rails/rack/logger.rb:38:in `call_app'
railties (5.2.2) lib/rails/rack/logger.rb:26:in `block in call'
activesupport (5.2.2) lib/active_support/tagged_logging.rb:71:in `block in tagged'
activesupport (5.2.2) lib/active_support/tagged_logging.rb:28:in `tagged'
activesupport (5.2.2) lib/active_support/tagged_logging.rb:71:in `tagged'
railties (5.2.2) lib/rails/rack/logger.rb:26:in `call'
actionpack (5.2.2) lib/action_dispatch/middleware/remote_ip.rb:81:in `call'
actionpack (5.2.2) lib/action_dispatch/middleware/request_id.rb:27:in `call'
rack (2.0.6) lib/rack/runtime.rb:22:in `call'
activesupport (5.2.2) lib/active_support/cache/strategy/local_cache_middleware.rb:29:in `call'
actionpack (5.2.2) lib/action_dispatch/middleware/executor.rb:14:in `call'
actionpack (5.2.2) lib/action_dispatch/middleware/static.rb:127:in `call'
rack (2.0.6) lib/rack/sendfile.rb:111:in `call'
rack-cors (1.0.2) lib/rack/cors.rb:97:in `call'
railties (5.2.2) lib/rails/engine.rb:524:in `call'
puma (3.12.0) lib/puma/configuration.rb:225:in `call'
puma (3.12.0) lib/puma/server.rb:658:in `handle_request'
puma (3.12.0) lib/puma/server.rb:472:in `process_client'
puma (3.12.0) lib/puma/server.rb:332:in `block in run'
puma (3.12.0) lib/puma/thread_pool.rb:133:in `block in spawn_thread'
Started GET "/users" for ::1 at 2018-12-28 16:50:00 -0500
  
ActionController::RoutingError (No route matches [GET] "/users"):
  
actionpack (5.2.2) lib/action_dispatch/middleware/debug_exceptions.rb:65:in `call'
actionpack (5.2.2) lib/action_dispatch/middleware/show_exceptions.rb:33:in `call'
railties (5.2.2) lib/rails/rack/logger.rb:38:in `call_app'
railties (5.2.2) lib/rails/rack/logger.rb:26:in `block in call'
activesupport (5.2.2) lib/active_support/tagged_logging.rb:71:in `block in tagged'
activesupport (5.2.2) lib/active_support/tagged_logging.rb:28:in `tagged'
activesupport (5.2.2) lib/active_support/tagged_logging.rb:71:in `tagged'
railties (5.2.2) lib/rails/rack/logger.rb:26:in `call'
actionpack (5.2.2) lib/action_dispatch/middleware/remote_ip.rb:81:in `call'
actionpack (5.2.2) lib/action_dispatch/middleware/request_id.rb:27:in `call'
rack (2.0.6) lib/rack/runtime.rb:22:in `call'
activesupport (5.2.2) lib/active_support/cache/strategy/local_cache_middleware.rb:29:in `call'
actionpack (5.2.2) lib/action_dispatch/middleware/executor.rb:14:in `call'
actionpack (5.2.2) lib/action_dispatch/middleware/static.rb:127:in `call'
rack (2.0.6) lib/rack/sendfile.rb:111:in `call'
rack-cors (1.0.2) lib/rack/cors.rb:97:in `call'
railties (5.2.2) lib/rails/engine.rb:524:in `call'
puma (3.12.0) lib/puma/configuration.rb:225:in `call'
puma (3.12.0) lib/puma/server.rb:658:in `handle_request'
puma (3.12.0) lib/puma/server.rb:472:in `process_client'
puma (3.12.0) lib/puma/server.rb:332:in `block in run'
puma (3.12.0) lib/puma/thread_pool.rb:133:in `block in spawn_thread'
Started GET "/users/1" for ::1 at 2018-12-28 16:50:18 -0500
  
ActionController::RoutingError (No route matches [GET] "/users/1"):
  
actionpack (5.2.2) lib/action_dispatch/middleware/debug_exceptions.rb:65:in `call'
actionpack (5.2.2) lib/action_dispatch/middleware/show_exceptions.rb:33:in `call'
railties (5.2.2) lib/rails/rack/logger.rb:38:in `call_app'
railties (5.2.2) lib/rails/rack/logger.rb:26:in `block in call'
activesupport (5.2.2) lib/active_support/tagged_logging.rb:71:in `block in tagged'
activesupport (5.2.2) lib/active_support/tagged_logging.rb:28:in `tagged'
activesupport (5.2.2) lib/active_support/tagged_logging.rb:71:in `tagged'
railties (5.2.2) lib/rails/rack/logger.rb:26:in `call'
actionpack (5.2.2) lib/action_dispatch/middleware/remote_ip.rb:81:in `call'
actionpack (5.2.2) lib/action_dispatch/middleware/request_id.rb:27:in `call'
rack (2.0.6) lib/rack/runtime.rb:22:in `call'
activesupport (5.2.2) lib/active_support/cache/strategy/local_cache_middleware.rb:29:in `call'
actionpack (5.2.2) lib/action_dispatch/middleware/executor.rb:14:in `call'
actionpack (5.2.2) lib/action_dispatch/middleware/static.rb:127:in `call'
rack (2.0.6) lib/rack/sendfile.rb:111:in `call'
rack-cors (1.0.2) lib/rack/cors.rb:97:in `call'
railties (5.2.2) lib/rails/engine.rb:524:in `call'
puma (3.12.0) lib/puma/configuration.rb:225:in `call'
puma (3.12.0) lib/puma/server.rb:658:in `handle_request'
puma (3.12.0) lib/puma/server.rb:472:in `process_client'
puma (3.12.0) lib/puma/server.rb:332:in `block in run'
puma (3.12.0) lib/puma/thread_pool.rb:133:in `block in spawn_thread'
  [1m[36mUser Load (0.8ms)[0m  [1m[34mSELECT  "users".* FROM "users" LIMIT $1[0m  [["LIMIT", 11]]
  [1m[35m (0.4ms)[0m  [1m[35mBEGIN[0m
  [1m[36mUser Create (41.6ms)[0m  [1m[32mINSERT INTO "users" ("username", "password_digest", "created_at", "updated_at") VALUES ($1, $2, $3, $4) RETURNING "id"[0m  [["username", "Carson"], ["password_digest", "hello"], ["created_at", "2018-12-28 21:51:23.286351"], ["updated_at", "2018-12-28 21:51:23.286351"]]
  [1m[35m (0.7ms)[0m  [1m[35mCOMMIT[0m
Started GET "/users/json" for ::1 at 2018-12-28 16:51:31 -0500
  
ActionController::RoutingError (No route matches [GET] "/users/json"):
  
actionpack (5.2.2) lib/action_dispatch/middleware/debug_exceptions.rb:65:in `call'
actionpack (5.2.2) lib/action_dispatch/middleware/show_exceptions.rb:33:in `call'
railties (5.2.2) lib/rails/rack/logger.rb:38:in `call_app'
railties (5.2.2) lib/rails/rack/logger.rb:26:in `block in call'
activesupport (5.2.2) lib/active_support/tagged_logging.rb:71:in `block in tagged'
activesupport (5.2.2) lib/active_support/tagged_logging.rb:28:in `tagged'
activesupport (5.2.2) lib/active_support/tagged_logging.rb:71:in `tagged'
railties (5.2.2) lib/rails/rack/logger.rb:26:in `call'
actionpack (5.2.2) lib/action_dispatch/middleware/remote_ip.rb:81:in `call'
actionpack (5.2.2) lib/action_dispatch/middleware/request_id.rb:27:in `call'
rack (2.0.6) lib/rack/runtime.rb:22:in `call'
activesupport (5.2.2) lib/active_support/cache/strategy/local_cache_middleware.rb:29:in `call'
actionpack (5.2.2) lib/action_dispatch/middleware/executor.rb:14:in `call'
actionpack (5.2.2) lib/action_dispatch/middleware/static.rb:127:in `call'
rack (2.0.6) lib/rack/sendfile.rb:111:in `call'
rack-cors (1.0.2) lib/rack/cors.rb:97:in `call'
railties (5.2.2) lib/rails/engine.rb:524:in `call'
puma (3.12.0) lib/puma/configuration.rb:225:in `call'
puma (3.12.0) lib/puma/server.rb:658:in `handle_request'
puma (3.12.0) lib/puma/server.rb:472:in `process_client'
puma (3.12.0) lib/puma/server.rb:332:in `block in run'
puma (3.12.0) lib/puma/thread_pool.rb:133:in `block in spawn_thread'
Started POST "/api/v1/users/" for ::1 at 2018-12-28 17:42:05 -0500
  
LoadError (Unable to autoload constant User, expected /Users/carsonrey/BoredAF-NY/backend-bored-af-ny/app/models/user.rb to define it):
  
activesupport (5.2.2) lib/active_support/dependencies.rb:511:in `load_missing_constant'
bootsnap (1.3.2) lib/bootsnap/load_path_cache/core_ext/active_support.rb:58:in `block in load_missing_constant'
bootsnap (1.3.2) lib/bootsnap/load_path_cache/core_ext/active_support.rb:16:in `allow_bootsnap_retry'
bootsnap (1.3.2) lib/bootsnap/load_path_cache/core_ext/active_support.rb:57:in `load_missing_constant'
activesupport (5.2.2) lib/active_support/dependencies.rb:195:in `const_missing'
activesupport (5.2.2) lib/active_support/dependencies.rb:542:in `load_missing_constant'
bootsnap (1.3.2) lib/bootsnap/load_path_cache/core_ext/active_support.rb:58:in `block in load_missing_constant'
bootsnap (1.3.2) lib/bootsnap/load_path_cache/core_ext/active_support.rb:16:in `allow_bootsnap_retry'
bootsnap (1.3.2) lib/bootsnap/load_path_cache/core_ext/active_support.rb:57:in `load_missing_constant'
activesupport (5.2.2) lib/active_support/dependencies.rb:195:in `const_missing'
activesupport (5.2.2) lib/active_support/dependencies.rb:542:in `load_missing_constant'
bootsnap (1.3.2) lib/bootsnap/load_path_cache/core_ext/active_support.rb:58:in `block in load_missing_constant'
bootsnap (1.3.2) lib/bootsnap/load_path_cache/core_ext/active_support.rb:16:in `allow_bootsnap_retry'
bootsnap (1.3.2) lib/bootsnap/load_path_cache/core_ext/active_support.rb:57:in `load_missing_constant'
activesupport (5.2.2) lib/active_support/dependencies.rb:195:in `const_missing'
activesupport (5.2.2) lib/active_support/inflector/methods.rb:285:in `const_get'
activesupport (5.2.2) lib/active_support/inflector/methods.rb:285:in `block in constantize'
activesupport (5.2.2) lib/active_support/inflector/methods.rb:281:in `each'
activesupport (5.2.2) lib/active_support/inflector/methods.rb:281:in `inject'
activesupport (5.2.2) lib/active_support/inflector/methods.rb:281:in `constantize'
activesupport (5.2.2) lib/active_support/inflector/methods.rb:326:in `safe_constantize'
activesupport (5.2.2) lib/active_support/core_ext/string/inflections.rb:79:in `safe_constantize'
actionpack (5.2.2) lib/action_controller/metal/params_wrapper.rb:157:in `_default_wrap_model'
actionpack (5.2.2) lib/action_controller/metal/params_wrapper.rb:96:in `block in model'
/Users/carsonrey/.rvm/rubies/ruby-2.5.3/lib/ruby/2.5.0/mutex_m.rb:71:in `synchronize'
/Users/carsonrey/.rvm/rubies/ruby-2.5.3/lib/ruby/2.5.0/mutex_m.rb:71:in `mu_synchronize'
actionpack (5.2.2) lib/action_controller/metal/params_wrapper.rb:96:in `model'
actionpack (5.2.2) lib/action_controller/metal/params_wrapper.rb:131:in `name'
actionpack (5.2.2) lib/action_controller/metal/params_wrapper.rb:263:in `_wrapper_key'
actionpack (5.2.2) lib/action_controller/metal/params_wrapper.rb:290:in `_wrapper_enabled?'
actionpack (5.2.2) lib/action_controller/metal/params_wrapper.rb:244:in `process_action'
activerecord (5.2.2) lib/active_record/railties/controller_runtime.rb:24:in `process_action'
actionpack (5.2.2) lib/abstract_controller/base.rb:134:in `process'
actionpack (5.2.2) lib/action_controller/metal.rb:191:in `dispatch'
actionpack (5.2.2) lib/action_controller/metal.rb:252:in `dispatch'
actionpack (5.2.2) lib/action_dispatch/routing/route_set.rb:52:in `dispatch'
actionpack (5.2.2) lib/action_dispatch/routing/route_set.rb:34:in `serve'
actionpack (5.2.2) lib/action_dispatch/journey/router.rb:52:in `block in serve'
actionpack (5.2.2) lib/action_dispatch/journey/router.rb:35:in `each'
actionpack (5.2.2) lib/action_dispatch/journey/router.rb:35:in `serve'
actionpack (5.2.2) lib/action_dispatch/routing/route_set.rb:840:in `call'
rack (2.0.6) lib/rack/etag.rb:25:in `call'
rack (2.0.6) lib/rack/conditional_get.rb:38:in `call'
rack (2.0.6) lib/rack/head.rb:12:in `call'
activerecord (5.2.2) lib/active_record/migration.rb:559:in `call'
actionpack (5.2.2) lib/action_dispatch/middleware/callbacks.rb:28:in `block in call'
activesupport (5.2.2) lib/active_support/callbacks.rb:98:in `run_callbacks'
actionpack (5.2.2) lib/action_dispatch/middleware/callbacks.rb:26:in `call'
actionpack (5.2.2) lib/action_dispatch/middleware/executor.rb:14:in `call'
actionpack (5.2.2) lib/action_dispatch/middleware/debug_exceptions.rb:61:in `call'
actionpack (5.2.2) lib/action_dispatch/middleware/show_exceptions.rb:33:in `call'
railties (5.2.2) lib/rails/rack/logger.rb:38:in `call_app'
railties (5.2.2) lib/rails/rack/logger.rb:26:in `block in call'
activesupport (5.2.2) lib/active_support/tagged_logging.rb:71:in `block in tagged'
activesupport (5.2.2) lib/active_support/tagged_logging.rb:28:in `tagged'
activesupport (5.2.2) lib/active_support/tagged_logging.rb:71:in `tagged'
railties (5.2.2) lib/rails/rack/logger.rb:26:in `call'
actionpack (5.2.2) lib/action_dispatch/middleware/remote_ip.rb:81:in `call'
actionpack (5.2.2) lib/action_dispatch/middleware/request_id.rb:27:in `call'
rack (2.0.6) lib/rack/runtime.rb:22:in `call'
activesupport (5.2.2) lib/active_support/cache/strategy/local_cache_middleware.rb:29:in `call'
actionpack (5.2.2) lib/action_dispatch/middleware/executor.rb:14:in `call'
actionpack (5.2.2) lib/action_dispatch/middleware/static.rb:127:in `call'
rack (2.0.6) lib/rack/sendfile.rb:111:in `call'
rack-cors (1.0.2) lib/rack/cors.rb:97:in `call'
railties (5.2.2) lib/rails/engine.rb:524:in `call'
puma (3.12.0) lib/puma/configuration.rb:225:in `call'
puma (3.12.0) lib/puma/server.rb:658:in `handle_request'
puma (3.12.0) lib/puma/server.rb:472:in `process_client'
puma (3.12.0) lib/puma/server.rb:332:in `block in run'
puma (3.12.0) lib/puma/thread_pool.rb:133:in `block in spawn_thread'
Started POST "/api/v1/users/" for ::1 at 2018-12-28 17:48:59 -0500
Processing by Api::V1::UsersController#create as */*
  Parameters: {"user"=>{"username"=>"carson", "password_digest"=>"[FILTERED]"}}
Completed 500 Internal Server Error in 4ms (ActiveRecord: 0.0ms)


  
NameError (uninitialized constant Api::V1::UsersController::User):
  
app/controllers/api/v1/users_controller.rb:4:in `create'
Started GET "/api/v1/users/" for ::1 at 2018-12-28 17:49:21 -0500
  
AbstractController::ActionNotFound (The action 'index' could not be found for Api::V1::UsersController):
  
actionpack (5.2.2) lib/abstract_controller/base.rb:129:in `process'
actionpack (5.2.2) lib/action_controller/metal.rb:191:in `dispatch'
actionpack (5.2.2) lib/action_controller/metal.rb:252:in `dispatch'
actionpack (5.2.2) lib/action_dispatch/routing/route_set.rb:52:in `dispatch'
actionpack (5.2.2) lib/action_dispatch/routing/route_set.rb:34:in `serve'
actionpack (5.2.2) lib/action_dispatch/journey/router.rb:52:in `block in serve'
actionpack (5.2.2) lib/action_dispatch/journey/router.rb:35:in `each'
actionpack (5.2.2) lib/action_dispatch/journey/router.rb:35:in `serve'
actionpack (5.2.2) lib/action_dispatch/routing/route_set.rb:840:in `call'
rack (2.0.6) lib/rack/etag.rb:25:in `call'
rack (2.0.6) lib/rack/conditional_get.rb:25:in `call'
rack (2.0.6) lib/rack/head.rb:12:in `call'
activerecord (5.2.2) lib/active_record/migration.rb:559:in `call'
actionpack (5.2.2) lib/action_dispatch/middleware/callbacks.rb:28:in `block in call'
activesupport (5.2.2) lib/active_support/callbacks.rb:98:in `run_callbacks'
actionpack (5.2.2) lib/action_dispatch/middleware/callbacks.rb:26:in `call'
actionpack (5.2.2) lib/action_dispatch/middleware/executor.rb:14:in `call'
actionpack (5.2.2) lib/action_dispatch/middleware/debug_exceptions.rb:61:in `call'
actionpack (5.2.2) lib/action_dispatch/middleware/show_exceptions.rb:33:in `call'
railties (5.2.2) lib/rails/rack/logger.rb:38:in `call_app'
railties (5.2.2) lib/rails/rack/logger.rb:26:in `block in call'
activesupport (5.2.2) lib/active_support/tagged_logging.rb:71:in `block in tagged'
activesupport (5.2.2) lib/active_support/tagged_logging.rb:28:in `tagged'
activesupport (5.2.2) lib/active_support/tagged_logging.rb:71:in `tagged'
railties (5.2.2) lib/rails/rack/logger.rb:26:in `call'
actionpack (5.2.2) lib/action_dispatch/middleware/remote_ip.rb:81:in `call'
actionpack (5.2.2) lib/action_dispatch/middleware/request_id.rb:27:in `call'
rack (2.0.6) lib/rack/runtime.rb:22:in `call'
activesupport (5.2.2) lib/active_support/cache/strategy/local_cache_middleware.rb:29:in `call'
actionpack (5.2.2) lib/action_dispatch/middleware/executor.rb:14:in `call'
actionpack (5.2.2) lib/action_dispatch/middleware/static.rb:127:in `call'
rack (2.0.6) lib/rack/sendfile.rb:111:in `call'
rack-cors (1.0.2) lib/rack/cors.rb:97:in `call'
railties (5.2.2) lib/rails/engine.rb:524:in `call'
puma (3.12.0) lib/puma/configuration.rb:225:in `call'
puma (3.12.0) lib/puma/server.rb:658:in `handle_request'
puma (3.12.0) lib/puma/server.rb:472:in `process_client'
puma (3.12.0) lib/puma/server.rb:332:in `block in run'
puma (3.12.0) lib/puma/thread_pool.rb:133:in `block in spawn_thread'
Started POST "/api/v1/users/" for ::1 at 2018-12-28 17:49:49 -0500
  
LoadError (Unable to autoload constant User, expected /Users/carsonrey/BoredAF-NY/backend-bored-af-ny/app/models/user.rb to define it):
  
activesupport (5.2.2) lib/active_support/dependencies.rb:511:in `load_missing_constant'
bootsnap (1.3.2) lib/bootsnap/load_path_cache/core_ext/active_support.rb:58:in `block in load_missing_constant'
bootsnap (1.3.2) lib/bootsnap/load_path_cache/core_ext/active_support.rb:16:in `allow_bootsnap_retry'
bootsnap (1.3.2) lib/bootsnap/load_path_cache/core_ext/active_support.rb:57:in `load_missing_constant'
activesupport (5.2.2) lib/active_support/dependencies.rb:195:in `const_missing'
activesupport (5.2.2) lib/active_support/dependencies.rb:542:in `load_missing_constant'
bootsnap (1.3.2) lib/bootsnap/load_path_cache/core_ext/active_support.rb:58:in `block in load_missing_constant'
bootsnap (1.3.2) lib/bootsnap/load_path_cache/core_ext/active_support.rb:16:in `allow_bootsnap_retry'
bootsnap (1.3.2) lib/bootsnap/load_path_cache/core_ext/active_support.rb:57:in `load_missing_constant'
activesupport (5.2.2) lib/active_support/dependencies.rb:195:in `const_missing'
activesupport (5.2.2) lib/active_support/dependencies.rb:542:in `load_missing_constant'
bootsnap (1.3.2) lib/bootsnap/load_path_cache/core_ext/active_support.rb:58:in `block in load_missing_constant'
bootsnap (1.3.2) lib/bootsnap/load_path_cache/core_ext/active_support.rb:16:in `allow_bootsnap_retry'
bootsnap (1.3.2) lib/bootsnap/load_path_cache/core_ext/active_support.rb:57:in `load_missing_constant'
activesupport (5.2.2) lib/active_support/dependencies.rb:195:in `const_missing'
activesupport (5.2.2) lib/active_support/inflector/methods.rb:285:in `const_get'
activesupport (5.2.2) lib/active_support/inflector/methods.rb:285:in `block in constantize'
activesupport (5.2.2) lib/active_support/inflector/methods.rb:281:in `each'
activesupport (5.2.2) lib/active_support/inflector/methods.rb:281:in `inject'
activesupport (5.2.2) lib/active_support/inflector/methods.rb:281:in `constantize'
activesupport (5.2.2) lib/active_support/inflector/methods.rb:326:in `safe_constantize'
activesupport (5.2.2) lib/active_support/core_ext/string/inflections.rb:79:in `safe_constantize'
actionpack (5.2.2) lib/action_controller/metal/params_wrapper.rb:157:in `_default_wrap_model'
actionpack (5.2.2) lib/action_controller/metal/params_wrapper.rb:96:in `block in model'
/Users/carsonrey/.rvm/rubies/ruby-2.5.3/lib/ruby/2.5.0/mutex_m.rb:71:in `synchronize'
/Users/carsonrey/.rvm/rubies/ruby-2.5.3/lib/ruby/2.5.0/mutex_m.rb:71:in `mu_synchronize'
actionpack (5.2.2) lib/action_controller/metal/params_wrapper.rb:96:in `model'
actionpack (5.2.2) lib/action_controller/metal/params_wrapper.rb:131:in `name'
actionpack (5.2.2) lib/action_controller/metal/params_wrapper.rb:263:in `_wrapper_key'
actionpack (5.2.2) lib/action_controller/metal/params_wrapper.rb:290:in `_wrapper_enabled?'
actionpack (5.2.2) lib/action_controller/metal/params_wrapper.rb:244:in `process_action'
activerecord (5.2.2) lib/active_record/railties/controller_runtime.rb:24:in `process_action'
actionpack (5.2.2) lib/abstract_controller/base.rb:134:in `process'
actionpack (5.2.2) lib/action_controller/metal.rb:191:in `dispatch'
actionpack (5.2.2) lib/action_controller/metal.rb:252:in `dispatch'
actionpack (5.2.2) lib/action_dispatch/routing/route_set.rb:52:in `dispatch'
actionpack (5.2.2) lib/action_dispatch/routing/route_set.rb:34:in `serve'
actionpack (5.2.2) lib/action_dispatch/journey/router.rb:52:in `block in serve'
actionpack (5.2.2) lib/action_dispatch/journey/router.rb:35:in `each'
actionpack (5.2.2) lib/action_dispatch/journey/router.rb:35:in `serve'
actionpack (5.2.2) lib/action_dispatch/routing/route_set.rb:840:in `call'
rack (2.0.6) lib/rack/etag.rb:25:in `call'
rack (2.0.6) lib/rack/conditional_get.rb:38:in `call'
rack (2.0.6) lib/rack/head.rb:12:in `call'
activerecord (5.2.2) lib/active_record/migration.rb:559:in `call'
actionpack (5.2.2) lib/action_dispatch/middleware/callbacks.rb:28:in `block in call'
activesupport (5.2.2) lib/active_support/callbacks.rb:98:in `run_callbacks'
actionpack (5.2.2) lib/action_dispatch/middleware/callbacks.rb:26:in `call'
actionpack (5.2.2) lib/action_dispatch/middleware/executor.rb:14:in `call'
actionpack (5.2.2) lib/action_dispatch/middleware/debug_exceptions.rb:61:in `call'
actionpack (5.2.2) lib/action_dispatch/middleware/show_exceptions.rb:33:in `call'
railties (5.2.2) lib/rails/rack/logger.rb:38:in `call_app'
railties (5.2.2) lib/rails/rack/logger.rb:26:in `block in call'
activesupport (5.2.2) lib/active_support/tagged_logging.rb:71:in `block in tagged'
activesupport (5.2.2) lib/active_support/tagged_logging.rb:28:in `tagged'
activesupport (5.2.2) lib/active_support/tagged_logging.rb:71:in `tagged'
railties (5.2.2) lib/rails/rack/logger.rb:26:in `call'
actionpack (5.2.2) lib/action_dispatch/middleware/remote_ip.rb:81:in `call'
actionpack (5.2.2) lib/action_dispatch/middleware/request_id.rb:27:in `call'
rack (2.0.6) lib/rack/runtime.rb:22:in `call'
activesupport (5.2.2) lib/active_support/cache/strategy/local_cache_middleware.rb:29:in `call'
actionpack (5.2.2) lib/action_dispatch/middleware/executor.rb:14:in `call'
actionpack (5.2.2) lib/action_dispatch/middleware/static.rb:127:in `call'
rack (2.0.6) lib/rack/sendfile.rb:111:in `call'
rack-cors (1.0.2) lib/rack/cors.rb:97:in `call'
railties (5.2.2) lib/rails/engine.rb:524:in `call'
puma (3.12.0) lib/puma/configuration.rb:225:in `call'
puma (3.12.0) lib/puma/server.rb:658:in `handle_request'
puma (3.12.0) lib/puma/server.rb:472:in `process_client'
puma (3.12.0) lib/puma/server.rb:332:in `block in run'
puma (3.12.0) lib/puma/thread_pool.rb:133:in `block in spawn_thread'
Started GET "/api/v1/users/" for ::1 at 2018-12-28 17:49:59 -0500
Processing by Api::V1::UsersController#index as HTML
Completed 204 No Content in 1ms (ActiveRecord: 0.0ms)


Started GET "/api/v1/users/" for ::1 at 2018-12-28 17:50:05 -0500
Processing by Api::V1::UsersController#index as HTML
Completed 204 No Content in 0ms (ActiveRecord: 0.0ms)


Started GET "/api/v1/users/" for ::1 at 2018-12-28 17:50:08 -0500
Processing by Api::V1::UsersController#index as HTML
Completed 204 No Content in 0ms (ActiveRecord: 0.0ms)


Started GET "/api/v1/users/" for ::1 at 2018-12-28 17:50:09 -0500
Processing by Api::V1::UsersController#index as HTML
Completed 204 No Content in 0ms (ActiveRecord: 0.0ms)


Started GET "/api/v1/users/" for ::1 at 2018-12-28 17:50:09 -0500
Processing by Api::V1::UsersController#index as HTML
Completed 204 No Content in 0ms (ActiveRecord: 0.0ms)


Started GET "/api/v1/users/" for ::1 at 2018-12-28 17:50:09 -0500
Processing by Api::V1::UsersController#index as HTML
Completed 204 No Content in 0ms (ActiveRecord: 0.0ms)


Started GET "/api/v1/users/" for ::1 at 2018-12-28 17:50:10 -0500
Processing by Api::V1::UsersController#index as HTML
Completed 204 No Content in 0ms (ActiveRecord: 0.0ms)


Started GET "/api/v1/users/" for ::1 at 2018-12-28 17:50:10 -0500
Processing by Api::V1::UsersController#index as HTML
Completed 204 No Content in 0ms (ActiveRecord: 0.0ms)


Started POST "/api/v1/users/" for ::1 at 2018-12-28 17:59:06 -0500
Processing by Api::V1::UsersController#create as */*
  Parameters: {"user"=>{"username"=>"carson", "password_digest"=>"[FILTERED]"}}
Completed 500 Internal Server Error in 1ms (ActiveRecord: 0.0ms)


  
NameError (uninitialized constant Api::V1::UsersController::User):
  
app/controllers/api/v1/users_controller.rb:8:in `create'
Started POST "/api/v1/users/" for ::1 at 2018-12-28 18:00:20 -0500
  
LoadError (Unable to autoload constant User, expected /Users/carsonrey/BoredAF-NY/backend-bored-af-ny/app/models/user.rb to define it):
  
activesupport (5.2.2) lib/active_support/dependencies.rb:511:in `load_missing_constant'
bootsnap (1.3.2) lib/bootsnap/load_path_cache/core_ext/active_support.rb:58:in `block in load_missing_constant'
bootsnap (1.3.2) lib/bootsnap/load_path_cache/core_ext/active_support.rb:16:in `allow_bootsnap_retry'
bootsnap (1.3.2) lib/bootsnap/load_path_cache/core_ext/active_support.rb:57:in `load_missing_constant'
activesupport (5.2.2) lib/active_support/dependencies.rb:195:in `const_missing'
activesupport (5.2.2) lib/active_support/dependencies.rb:542:in `load_missing_constant'
bootsnap (1.3.2) lib/bootsnap/load_path_cache/core_ext/active_support.rb:58:in `block in load_missing_constant'
bootsnap (1.3.2) lib/bootsnap/load_path_cache/core_ext/active_support.rb:16:in `allow_bootsnap_retry'
bootsnap (1.3.2) lib/bootsnap/load_path_cache/core_ext/active_support.rb:57:in `load_missing_constant'
activesupport (5.2.2) lib/active_support/dependencies.rb:195:in `const_missing'
activesupport (5.2.2) lib/active_support/dependencies.rb:542:in `load_missing_constant'
bootsnap (1.3.2) lib/bootsnap/load_path_cache/core_ext/active_support.rb:58:in `block in load_missing_constant'
bootsnap (1.3.2) lib/bootsnap/load_path_cache/core_ext/active_support.rb:16:in `allow_bootsnap_retry'
bootsnap (1.3.2) lib/bootsnap/load_path_cache/core_ext/active_support.rb:57:in `load_missing_constant'
activesupport (5.2.2) lib/active_support/dependencies.rb:195:in `const_missing'
activesupport (5.2.2) lib/active_support/inflector/methods.rb:285:in `const_get'
activesupport (5.2.2) lib/active_support/inflector/methods.rb:285:in `block in constantize'
activesupport (5.2.2) lib/active_support/inflector/methods.rb:281:in `each'
activesupport (5.2.2) lib/active_support/inflector/methods.rb:281:in `inject'
activesupport (5.2.2) lib/active_support/inflector/methods.rb:281:in `constantize'
activesupport (5.2.2) lib/active_support/inflector/methods.rb:326:in `safe_constantize'
activesupport (5.2.2) lib/active_support/core_ext/string/inflections.rb:79:in `safe_constantize'
actionpack (5.2.2) lib/action_controller/metal/params_wrapper.rb:157:in `_default_wrap_model'
actionpack (5.2.2) lib/action_controller/metal/params_wrapper.rb:96:in `block in model'
/Users/carsonrey/.rvm/rubies/ruby-2.5.3/lib/ruby/2.5.0/mutex_m.rb:71:in `synchronize'
/Users/carsonrey/.rvm/rubies/ruby-2.5.3/lib/ruby/2.5.0/mutex_m.rb:71:in `mu_synchronize'
actionpack (5.2.2) lib/action_controller/metal/params_wrapper.rb:96:in `model'
actionpack (5.2.2) lib/action_controller/metal/params_wrapper.rb:131:in `name'
actionpack (5.2.2) lib/action_controller/metal/params_wrapper.rb:263:in `_wrapper_key'
actionpack (5.2.2) lib/action_controller/metal/params_wrapper.rb:290:in `_wrapper_enabled?'
actionpack (5.2.2) lib/action_controller/metal/params_wrapper.rb:244:in `process_action'
activerecord (5.2.2) lib/active_record/railties/controller_runtime.rb:24:in `process_action'
actionpack (5.2.2) lib/abstract_controller/base.rb:134:in `process'
actionpack (5.2.2) lib/action_controller/metal.rb:191:in `dispatch'
actionpack (5.2.2) lib/action_controller/metal.rb:252:in `dispatch'
actionpack (5.2.2) lib/action_dispatch/routing/route_set.rb:52:in `dispatch'
actionpack (5.2.2) lib/action_dispatch/routing/route_set.rb:34:in `serve'
actionpack (5.2.2) lib/action_dispatch/journey/router.rb:52:in `block in serve'
actionpack (5.2.2) lib/action_dispatch/journey/router.rb:35:in `each'
actionpack (5.2.2) lib/action_dispatch/journey/router.rb:35:in `serve'
actionpack (5.2.2) lib/action_dispatch/routing/route_set.rb:840:in `call'
rack (2.0.6) lib/rack/etag.rb:25:in `call'
rack (2.0.6) lib/rack/conditional_get.rb:38:in `call'
rack (2.0.6) lib/rack/head.rb:12:in `call'
activerecord (5.2.2) lib/active_record/migration.rb:559:in `call'
actionpack (5.2.2) lib/action_dispatch/middleware/callbacks.rb:28:in `block in call'
activesupport (5.2.2) lib/active_support/callbacks.rb:98:in `run_callbacks'
actionpack (5.2.2) lib/action_dispatch/middleware/callbacks.rb:26:in `call'
actionpack (5.2.2) lib/action_dispatch/middleware/executor.rb:14:in `call'
actionpack (5.2.2) lib/action_dispatch/middleware/debug_exceptions.rb:61:in `call'
actionpack (5.2.2) lib/action_dispatch/middleware/show_exceptions.rb:33:in `call'
railties (5.2.2) lib/rails/rack/logger.rb:38:in `call_app'
railties (5.2.2) lib/rails/rack/logger.rb:26:in `block in call'
activesupport (5.2.2) lib/active_support/tagged_logging.rb:71:in `block in tagged'
activesupport (5.2.2) lib/active_support/tagged_logging.rb:28:in `tagged'
activesupport (5.2.2) lib/active_support/tagged_logging.rb:71:in `tagged'
railties (5.2.2) lib/rails/rack/logger.rb:26:in `call'
actionpack (5.2.2) lib/action_dispatch/middleware/remote_ip.rb:81:in `call'
actionpack (5.2.2) lib/action_dispatch/middleware/request_id.rb:27:in `call'
rack (2.0.6) lib/rack/runtime.rb:22:in `call'
activesupport (5.2.2) lib/active_support/cache/strategy/local_cache_middleware.rb:29:in `call'
actionpack (5.2.2) lib/action_dispatch/middleware/executor.rb:14:in `call'
actionpack (5.2.2) lib/action_dispatch/middleware/static.rb:127:in `call'
rack (2.0.6) lib/rack/sendfile.rb:111:in `call'
rack-cors (1.0.2) lib/rack/cors.rb:97:in `call'
railties (5.2.2) lib/rails/engine.rb:524:in `call'
puma (3.12.0) lib/puma/configuration.rb:225:in `call'
puma (3.12.0) lib/puma/server.rb:658:in `handle_request'
puma (3.12.0) lib/puma/server.rb:472:in `process_client'
puma (3.12.0) lib/puma/server.rb:332:in `block in run'
puma (3.12.0) lib/puma/thread_pool.rb:133:in `block in spawn_thread'
Started POST "/api/v1/users/" for ::1 at 2018-12-28 18:06:35 -0500
  
LoadError (Unable to autoload constant User, expected /Users/carsonrey/BoredAF-NY/backend-bored-af-ny/app/models/user.rb to define it):
  
activesupport (5.2.2) lib/active_support/dependencies.rb:511:in `load_missing_constant'
bootsnap (1.3.2) lib/bootsnap/load_path_cache/core_ext/active_support.rb:58:in `block in load_missing_constant'
bootsnap (1.3.2) lib/bootsnap/load_path_cache/core_ext/active_support.rb:16:in `allow_bootsnap_retry'
bootsnap (1.3.2) lib/bootsnap/load_path_cache/core_ext/active_support.rb:57:in `load_missing_constant'
activesupport (5.2.2) lib/active_support/dependencies.rb:195:in `const_missing'
activesupport (5.2.2) lib/active_support/dependencies.rb:542:in `load_missing_constant'
bootsnap (1.3.2) lib/bootsnap/load_path_cache/core_ext/active_support.rb:58:in `block in load_missing_constant'
bootsnap (1.3.2) lib/bootsnap/load_path_cache/core_ext/active_support.rb:16:in `allow_bootsnap_retry'
bootsnap (1.3.2) lib/bootsnap/load_path_cache/core_ext/active_support.rb:57:in `load_missing_constant'
activesupport (5.2.2) lib/active_support/dependencies.rb:195:in `const_missing'
activesupport (5.2.2) lib/active_support/dependencies.rb:542:in `load_missing_constant'
bootsnap (1.3.2) lib/bootsnap/load_path_cache/core_ext/active_support.rb:58:in `block in load_missing_constant'
bootsnap (1.3.2) lib/bootsnap/load_path_cache/core_ext/active_support.rb:16:in `allow_bootsnap_retry'
bootsnap (1.3.2) lib/bootsnap/load_path_cache/core_ext/active_support.rb:57:in `load_missing_constant'
activesupport (5.2.2) lib/active_support/dependencies.rb:195:in `const_missing'
activesupport (5.2.2) lib/active_support/inflector/methods.rb:285:in `const_get'
activesupport (5.2.2) lib/active_support/inflector/methods.rb:285:in `block in constantize'
activesupport (5.2.2) lib/active_support/inflector/methods.rb:281:in `each'
activesupport (5.2.2) lib/active_support/inflector/methods.rb:281:in `inject'
activesupport (5.2.2) lib/active_support/inflector/methods.rb:281:in `constantize'
activesupport (5.2.2) lib/active_support/inflector/methods.rb:326:in `safe_constantize'
activesupport (5.2.2) lib/active_support/core_ext/string/inflections.rb:79:in `safe_constantize'
actionpack (5.2.2) lib/action_controller/metal/params_wrapper.rb:157:in `_default_wrap_model'
actionpack (5.2.2) lib/action_controller/metal/params_wrapper.rb:96:in `block in model'
/Users/carsonrey/.rvm/rubies/ruby-2.5.3/lib/ruby/2.5.0/mutex_m.rb:71:in `synchronize'
/Users/carsonrey/.rvm/rubies/ruby-2.5.3/lib/ruby/2.5.0/mutex_m.rb:71:in `mu_synchronize'
actionpack (5.2.2) lib/action_controller/metal/params_wrapper.rb:96:in `model'
actionpack (5.2.2) lib/action_controller/metal/params_wrapper.rb:131:in `name'
actionpack (5.2.2) lib/action_controller/metal/params_wrapper.rb:263:in `_wrapper_key'
actionpack (5.2.2) lib/action_controller/metal/params_wrapper.rb:290:in `_wrapper_enabled?'
actionpack (5.2.2) lib/action_controller/metal/params_wrapper.rb:244:in `process_action'
activerecord (5.2.2) lib/active_record/railties/controller_runtime.rb:24:in `process_action'
actionpack (5.2.2) lib/abstract_controller/base.rb:134:in `process'
actionpack (5.2.2) lib/action_controller/metal.rb:191:in `dispatch'
actionpack (5.2.2) lib/action_controller/metal.rb:252:in `dispatch'
actionpack (5.2.2) lib/action_dispatch/routing/route_set.rb:52:in `dispatch'
actionpack (5.2.2) lib/action_dispatch/routing/route_set.rb:34:in `serve'
actionpack (5.2.2) lib/action_dispatch/journey/router.rb:52:in `block in serve'
actionpack (5.2.2) lib/action_dispatch/journey/router.rb:35:in `each'
actionpack (5.2.2) lib/action_dispatch/journey/router.rb:35:in `serve'
actionpack (5.2.2) lib/action_dispatch/routing/route_set.rb:840:in `call'
rack (2.0.6) lib/rack/etag.rb:25:in `call'
rack (2.0.6) lib/rack/conditional_get.rb:38:in `call'
rack (2.0.6) lib/rack/head.rb:12:in `call'
activerecord (5.2.2) lib/active_record/migration.rb:559:in `call'
actionpack (5.2.2) lib/action_dispatch/middleware/callbacks.rb:28:in `block in call'
activesupport (5.2.2) lib/active_support/callbacks.rb:98:in `run_callbacks'
actionpack (5.2.2) lib/action_dispatch/middleware/callbacks.rb:26:in `call'
actionpack (5.2.2) lib/action_dispatch/middleware/executor.rb:14:in `call'
actionpack (5.2.2) lib/action_dispatch/middleware/debug_exceptions.rb:61:in `call'
actionpack (5.2.2) lib/action_dispatch/middleware/show_exceptions.rb:33:in `call'
railties (5.2.2) lib/rails/rack/logger.rb:38:in `call_app'
railties (5.2.2) lib/rails/rack/logger.rb:26:in `block in call'
activesupport (5.2.2) lib/active_support/tagged_logging.rb:71:in `block in tagged'
activesupport (5.2.2) lib/active_support/tagged_logging.rb:28:in `tagged'
activesupport (5.2.2) lib/active_support/tagged_logging.rb:71:in `tagged'
railties (5.2.2) lib/rails/rack/logger.rb:26:in `call'
actionpack (5.2.2) lib/action_dispatch/middleware/remote_ip.rb:81:in `call'
actionpack (5.2.2) lib/action_dispatch/middleware/request_id.rb:27:in `call'
rack (2.0.6) lib/rack/runtime.rb:22:in `call'
activesupport (5.2.2) lib/active_support/cache/strategy/local_cache_middleware.rb:29:in `call'
actionpack (5.2.2) lib/action_dispatch/middleware/executor.rb:14:in `call'
actionpack (5.2.2) lib/action_dispatch/middleware/static.rb:127:in `call'
rack (2.0.6) lib/rack/sendfile.rb:111:in `call'
rack-cors (1.0.2) lib/rack/cors.rb:97:in `call'
railties (5.2.2) lib/rails/engine.rb:524:in `call'
puma (3.12.0) lib/puma/configuration.rb:225:in `call'
puma (3.12.0) lib/puma/server.rb:658:in `handle_request'
puma (3.12.0) lib/puma/server.rb:472:in `process_client'
puma (3.12.0) lib/puma/server.rb:332:in `block in run'
puma (3.12.0) lib/puma/thread_pool.rb:133:in `block in spawn_thread'
Started POST "/api/v1/users/" for ::1 at 2018-12-28 18:11:07 -0500
  
LoadError (Unable to autoload constant User, expected /Users/carsonrey/BoredAF-NY/backend-bored-af-ny/app/models/user.rb to define it):
  
activesupport (5.2.2) lib/active_support/dependencies.rb:511:in `load_missing_constant'
bootsnap (1.3.2) lib/bootsnap/load_path_cache/core_ext/active_support.rb:58:in `block in load_missing_constant'
bootsnap (1.3.2) lib/bootsnap/load_path_cache/core_ext/active_support.rb:16:in `allow_bootsnap_retry'
bootsnap (1.3.2) lib/bootsnap/load_path_cache/core_ext/active_support.rb:57:in `load_missing_constant'
activesupport (5.2.2) lib/active_support/dependencies.rb:195:in `const_missing'
activesupport (5.2.2) lib/active_support/dependencies.rb:542:in `load_missing_constant'
bootsnap (1.3.2) lib/bootsnap/load_path_cache/core_ext/active_support.rb:58:in `block in load_missing_constant'
bootsnap (1.3.2) lib/bootsnap/load_path_cache/core_ext/active_support.rb:16:in `allow_bootsnap_retry'
bootsnap (1.3.2) lib/bootsnap/load_path_cache/core_ext/active_support.rb:57:in `load_missing_constant'
activesupport (5.2.2) lib/active_support/dependencies.rb:195:in `const_missing'
activesupport (5.2.2) lib/active_support/dependencies.rb:542:in `load_missing_constant'
bootsnap (1.3.2) lib/bootsnap/load_path_cache/core_ext/active_support.rb:58:in `block in load_missing_constant'
bootsnap (1.3.2) lib/bootsnap/load_path_cache/core_ext/active_support.rb:16:in `allow_bootsnap_retry'
bootsnap (1.3.2) lib/bootsnap/load_path_cache/core_ext/active_support.rb:57:in `load_missing_constant'
activesupport (5.2.2) lib/active_support/dependencies.rb:195:in `const_missing'
activesupport (5.2.2) lib/active_support/inflector/methods.rb:285:in `const_get'
activesupport (5.2.2) lib/active_support/inflector/methods.rb:285:in `block in constantize'
activesupport (5.2.2) lib/active_support/inflector/methods.rb:281:in `each'
activesupport (5.2.2) lib/active_support/inflector/methods.rb:281:in `inject'
activesupport (5.2.2) lib/active_support/inflector/methods.rb:281:in `constantize'
activesupport (5.2.2) lib/active_support/inflector/methods.rb:326:in `safe_constantize'
activesupport (5.2.2) lib/active_support/core_ext/string/inflections.rb:79:in `safe_constantize'
actionpack (5.2.2) lib/action_controller/metal/params_wrapper.rb:157:in `_default_wrap_model'
actionpack (5.2.2) lib/action_controller/metal/params_wrapper.rb:96:in `block in model'
/Users/carsonrey/.rvm/rubies/ruby-2.5.3/lib/ruby/2.5.0/mutex_m.rb:71:in `synchronize'
/Users/carsonrey/.rvm/rubies/ruby-2.5.3/lib/ruby/2.5.0/mutex_m.rb:71:in `mu_synchronize'
actionpack (5.2.2) lib/action_controller/metal/params_wrapper.rb:96:in `model'
actionpack (5.2.2) lib/action_controller/metal/params_wrapper.rb:131:in `name'
actionpack (5.2.2) lib/action_controller/metal/params_wrapper.rb:263:in `_wrapper_key'
actionpack (5.2.2) lib/action_controller/metal/params_wrapper.rb:290:in `_wrapper_enabled?'
actionpack (5.2.2) lib/action_controller/metal/params_wrapper.rb:244:in `process_action'
activerecord (5.2.2) lib/active_record/railties/controller_runtime.rb:24:in `process_action'
actionpack (5.2.2) lib/abstract_controller/base.rb:134:in `process'
actionpack (5.2.2) lib/action_controller/metal.rb:191:in `dispatch'
actionpack (5.2.2) lib/action_controller/metal.rb:252:in `dispatch'
actionpack (5.2.2) lib/action_dispatch/routing/route_set.rb:52:in `dispatch'
actionpack (5.2.2) lib/action_dispatch/routing/route_set.rb:34:in `serve'
actionpack (5.2.2) lib/action_dispatch/journey/router.rb:52:in `block in serve'
actionpack (5.2.2) lib/action_dispatch/journey/router.rb:35:in `each'
actionpack (5.2.2) lib/action_dispatch/journey/router.rb:35:in `serve'
actionpack (5.2.2) lib/action_dispatch/routing/route_set.rb:840:in `call'
rack (2.0.6) lib/rack/etag.rb:25:in `call'
rack (2.0.6) lib/rack/conditional_get.rb:38:in `call'
rack (2.0.6) lib/rack/head.rb:12:in `call'
activerecord (5.2.2) lib/active_record/migration.rb:559:in `call'
actionpack (5.2.2) lib/action_dispatch/middleware/callbacks.rb:28:in `block in call'
activesupport (5.2.2) lib/active_support/callbacks.rb:98:in `run_callbacks'
actionpack (5.2.2) lib/action_dispatch/middleware/callbacks.rb:26:in `call'
actionpack (5.2.2) lib/action_dispatch/middleware/executor.rb:14:in `call'
actionpack (5.2.2) lib/action_dispatch/middleware/debug_exceptions.rb:61:in `call'
actionpack (5.2.2) lib/action_dispatch/middleware/show_exceptions.rb:33:in `call'
railties (5.2.2) lib/rails/rack/logger.rb:38:in `call_app'
railties (5.2.2) lib/rails/rack/logger.rb:26:in `block in call'
activesupport (5.2.2) lib/active_support/tagged_logging.rb:71:in `block in tagged'
activesupport (5.2.2) lib/active_support/tagged_logging.rb:28:in `tagged'
activesupport (5.2.2) lib/active_support/tagged_logging.rb:71:in `tagged'
railties (5.2.2) lib/rails/rack/logger.rb:26:in `call'
actionpack (5.2.2) lib/action_dispatch/middleware/remote_ip.rb:81:in `call'
actionpack (5.2.2) lib/action_dispatch/middleware/request_id.rb:27:in `call'
rack (2.0.6) lib/rack/runtime.rb:22:in `call'
activesupport (5.2.2) lib/active_support/cache/strategy/local_cache_middleware.rb:29:in `call'
actionpack (5.2.2) lib/action_dispatch/middleware/executor.rb:14:in `call'
actionpack (5.2.2) lib/action_dispatch/middleware/static.rb:127:in `call'
rack (2.0.6) lib/rack/sendfile.rb:111:in `call'
rack-cors (1.0.2) lib/rack/cors.rb:97:in `call'
railties (5.2.2) lib/rails/engine.rb:524:in `call'
puma (3.12.0) lib/puma/configuration.rb:225:in `call'
puma (3.12.0) lib/puma/server.rb:658:in `handle_request'
puma (3.12.0) lib/puma/server.rb:472:in `process_client'
puma (3.12.0) lib/puma/server.rb:332:in `block in run'
puma (3.12.0) lib/puma/thread_pool.rb:133:in `block in spawn_thread'
Started POST "/api/v1/users/" for ::1 at 2018-12-28 19:30:56 -0500
  
LoadError (Unable to autoload constant User, expected /Users/carsonrey/BoredAF-NY/backend-bored-af-ny/app/models/user.rb to define it):
  
activesupport (5.2.2) lib/active_support/dependencies.rb:511:in `load_missing_constant'
bootsnap (1.3.2) lib/bootsnap/load_path_cache/core_ext/active_support.rb:58:in `block in load_missing_constant'
bootsnap (1.3.2) lib/bootsnap/load_path_cache/core_ext/active_support.rb:16:in `allow_bootsnap_retry'
bootsnap (1.3.2) lib/bootsnap/load_path_cache/core_ext/active_support.rb:57:in `load_missing_constant'
activesupport (5.2.2) lib/active_support/dependencies.rb:195:in `const_missing'
activesupport (5.2.2) lib/active_support/dependencies.rb:542:in `load_missing_constant'
bootsnap (1.3.2) lib/bootsnap/load_path_cache/core_ext/active_support.rb:58:in `block in load_missing_constant'
bootsnap (1.3.2) lib/bootsnap/load_path_cache/core_ext/active_support.rb:16:in `allow_bootsnap_retry'
bootsnap (1.3.2) lib/bootsnap/load_path_cache/core_ext/active_support.rb:57:in `load_missing_constant'
activesupport (5.2.2) lib/active_support/dependencies.rb:195:in `const_missing'
activesupport (5.2.2) lib/active_support/dependencies.rb:542:in `load_missing_constant'
bootsnap (1.3.2) lib/bootsnap/load_path_cache/core_ext/active_support.rb:58:in `block in load_missing_constant'
bootsnap (1.3.2) lib/bootsnap/load_path_cache/core_ext/active_support.rb:16:in `allow_bootsnap_retry'
bootsnap (1.3.2) lib/bootsnap/load_path_cache/core_ext/active_support.rb:57:in `load_missing_constant'
activesupport (5.2.2) lib/active_support/dependencies.rb:195:in `const_missing'
activesupport (5.2.2) lib/active_support/inflector/methods.rb:285:in `const_get'
activesupport (5.2.2) lib/active_support/inflector/methods.rb:285:in `block in constantize'
activesupport (5.2.2) lib/active_support/inflector/methods.rb:281:in `each'
activesupport (5.2.2) lib/active_support/inflector/methods.rb:281:in `inject'
activesupport (5.2.2) lib/active_support/inflector/methods.rb:281:in `constantize'
activesupport (5.2.2) lib/active_support/inflector/methods.rb:326:in `safe_constantize'
activesupport (5.2.2) lib/active_support/core_ext/string/inflections.rb:79:in `safe_constantize'
actionpack (5.2.2) lib/action_controller/metal/params_wrapper.rb:157:in `_default_wrap_model'
actionpack (5.2.2) lib/action_controller/metal/params_wrapper.rb:96:in `block in model'
/Users/carsonrey/.rvm/rubies/ruby-2.5.3/lib/ruby/2.5.0/mutex_m.rb:71:in `synchronize'
/Users/carsonrey/.rvm/rubies/ruby-2.5.3/lib/ruby/2.5.0/mutex_m.rb:71:in `mu_synchronize'
actionpack (5.2.2) lib/action_controller/metal/params_wrapper.rb:96:in `model'
actionpack (5.2.2) lib/action_controller/metal/params_wrapper.rb:131:in `name'
actionpack (5.2.2) lib/action_controller/metal/params_wrapper.rb:263:in `_wrapper_key'
actionpack (5.2.2) lib/action_controller/metal/params_wrapper.rb:290:in `_wrapper_enabled?'
actionpack (5.2.2) lib/action_controller/metal/params_wrapper.rb:244:in `process_action'
activerecord (5.2.2) lib/active_record/railties/controller_runtime.rb:24:in `process_action'
actionpack (5.2.2) lib/abstract_controller/base.rb:134:in `process'
actionpack (5.2.2) lib/action_controller/metal.rb:191:in `dispatch'
actionpack (5.2.2) lib/action_controller/metal.rb:252:in `dispatch'
actionpack (5.2.2) lib/action_dispatch/routing/route_set.rb:52:in `dispatch'
actionpack (5.2.2) lib/action_dispatch/routing/route_set.rb:34:in `serve'
actionpack (5.2.2) lib/action_dispatch/journey/router.rb:52:in `block in serve'
actionpack (5.2.2) lib/action_dispatch/journey/router.rb:35:in `each'
actionpack (5.2.2) lib/action_dispatch/journey/router.rb:35:in `serve'
actionpack (5.2.2) lib/action_dispatch/routing/route_set.rb:840:in `call'
rack (2.0.6) lib/rack/etag.rb:25:in `call'
rack (2.0.6) lib/rack/conditional_get.rb:38:in `call'
rack (2.0.6) lib/rack/head.rb:12:in `call'
activerecord (5.2.2) lib/active_record/migration.rb:559:in `call'
actionpack (5.2.2) lib/action_dispatch/middleware/callbacks.rb:28:in `block in call'
activesupport (5.2.2) lib/active_support/callbacks.rb:98:in `run_callbacks'
actionpack (5.2.2) lib/action_dispatch/middleware/callbacks.rb:26:in `call'
actionpack (5.2.2) lib/action_dispatch/middleware/executor.rb:14:in `call'
actionpack (5.2.2) lib/action_dispatch/middleware/debug_exceptions.rb:61:in `call'
actionpack (5.2.2) lib/action_dispatch/middleware/show_exceptions.rb:33:in `call'
railties (5.2.2) lib/rails/rack/logger.rb:38:in `call_app'
railties (5.2.2) lib/rails/rack/logger.rb:26:in `block in call'
activesupport (5.2.2) lib/active_support/tagged_logging.rb:71:in `block in tagged'
activesupport (5.2.2) lib/active_support/tagged_logging.rb:28:in `tagged'
activesupport (5.2.2) lib/active_support/tagged_logging.rb:71:in `tagged'
railties (5.2.2) lib/rails/rack/logger.rb:26:in `call'
actionpack (5.2.2) lib/action_dispatch/middleware/remote_ip.rb:81:in `call'
actionpack (5.2.2) lib/action_dispatch/middleware/request_id.rb:27:in `call'
rack (2.0.6) lib/rack/runtime.rb:22:in `call'
activesupport (5.2.2) lib/active_support/cache/strategy/local_cache_middleware.rb:29:in `call'
actionpack (5.2.2) lib/action_dispatch/middleware/executor.rb:14:in `call'
actionpack (5.2.2) lib/action_dispatch/middleware/static.rb:127:in `call'
rack (2.0.6) lib/rack/sendfile.rb:111:in `call'
rack-cors (1.0.2) lib/rack/cors.rb:97:in `call'
railties (5.2.2) lib/rails/engine.rb:524:in `call'
puma (3.12.0) lib/puma/configuration.rb:225:in `call'
puma (3.12.0) lib/puma/server.rb:658:in `handle_request'
puma (3.12.0) lib/puma/server.rb:472:in `process_client'
puma (3.12.0) lib/puma/server.rb:332:in `block in run'
puma (3.12.0) lib/puma/thread_pool.rb:133:in `block in spawn_thread'
Started POST "/api/v1/users" for ::1 at 2018-12-28 19:31:30 -0500
Processing by Api::V1::UsersController#create as */*
  Parameters: {"user"=>{"username"=>"carson", "password_digest"=>"[FILTERED]"}}
Completed 500 Internal Server Error in 824048ms (ActiveRecord: 0.0ms)


  
SystemExit (exit):
  
(byebug):1:in `exit'
(byebug):1:in `create'
app/controllers/api/v1/users_controller.rb:16:in `create'
Started POST "/api/v1/users" for ::1 at 2018-12-28 19:45:55 -0500
  [1m[35m (1.4ms)[0m  [1m[34mSELECT "schema_migrations"."version" FROM "schema_migrations" ORDER BY "schema_migrations"."version" ASC[0m
  ↳ /Users/carsonrey/.rvm/gems/ruby-2.5.3/gems/activerecord-5.2.2/lib/active_record/log_subscriber.rb:98
  
LoadError (Unable to autoload constant User, expected /Users/carsonrey/BoredAF-NY/backend-bored-af-ny/app/models/user.rb to define it):
  
activesupport (5.2.2) lib/active_support/dependencies.rb:511:in `load_missing_constant'
bootsnap (1.3.2) lib/bootsnap/load_path_cache/core_ext/active_support.rb:58:in `block in load_missing_constant'
bootsnap (1.3.2) lib/bootsnap/load_path_cache/core_ext/active_support.rb:16:in `allow_bootsnap_retry'
bootsnap (1.3.2) lib/bootsnap/load_path_cache/core_ext/active_support.rb:57:in `load_missing_constant'
activesupport (5.2.2) lib/active_support/dependencies.rb:195:in `const_missing'
activesupport (5.2.2) lib/active_support/dependencies.rb:542:in `load_missing_constant'
bootsnap (1.3.2) lib/bootsnap/load_path_cache/core_ext/active_support.rb:58:in `block in load_missing_constant'
bootsnap (1.3.2) lib/bootsnap/load_path_cache/core_ext/active_support.rb:16:in `allow_bootsnap_retry'
bootsnap (1.3.2) lib/bootsnap/load_path_cache/core_ext/active_support.rb:57:in `load_missing_constant'
activesupport (5.2.2) lib/active_support/dependencies.rb:195:in `const_missing'
activesupport (5.2.2) lib/active_support/dependencies.rb:542:in `load_missing_constant'
bootsnap (1.3.2) lib/bootsnap/load_path_cache/core_ext/active_support.rb:58:in `block in load_missing_constant'
bootsnap (1.3.2) lib/bootsnap/load_path_cache/core_ext/active_support.rb:16:in `allow_bootsnap_retry'
bootsnap (1.3.2) lib/bootsnap/load_path_cache/core_ext/active_support.rb:57:in `load_missing_constant'
activesupport (5.2.2) lib/active_support/dependencies.rb:195:in `const_missing'
activesupport (5.2.2) lib/active_support/inflector/methods.rb:285:in `const_get'
activesupport (5.2.2) lib/active_support/inflector/methods.rb:285:in `block in constantize'
activesupport (5.2.2) lib/active_support/inflector/methods.rb:281:in `each'
activesupport (5.2.2) lib/active_support/inflector/methods.rb:281:in `inject'
activesupport (5.2.2) lib/active_support/inflector/methods.rb:281:in `constantize'
activesupport (5.2.2) lib/active_support/inflector/methods.rb:326:in `safe_constantize'
activesupport (5.2.2) lib/active_support/core_ext/string/inflections.rb:79:in `safe_constantize'
actionpack (5.2.2) lib/action_controller/metal/params_wrapper.rb:157:in `_default_wrap_model'
actionpack (5.2.2) lib/action_controller/metal/params_wrapper.rb:96:in `block in model'
/Users/carsonrey/.rvm/rubies/ruby-2.5.3/lib/ruby/2.5.0/mutex_m.rb:71:in `synchronize'
/Users/carsonrey/.rvm/rubies/ruby-2.5.3/lib/ruby/2.5.0/mutex_m.rb:71:in `mu_synchronize'
actionpack (5.2.2) lib/action_controller/metal/params_wrapper.rb:96:in `model'
actionpack (5.2.2) lib/action_controller/metal/params_wrapper.rb:131:in `name'
actionpack (5.2.2) lib/action_controller/metal/params_wrapper.rb:263:in `_wrapper_key'
actionpack (5.2.2) lib/action_controller/metal/params_wrapper.rb:290:in `_wrapper_enabled?'
actionpack (5.2.2) lib/action_controller/metal/params_wrapper.rb:244:in `process_action'
activerecord (5.2.2) lib/active_record/railties/controller_runtime.rb:24:in `process_action'
actionpack (5.2.2) lib/abstract_controller/base.rb:134:in `process'
actionpack (5.2.2) lib/action_controller/metal.rb:191:in `dispatch'
actionpack (5.2.2) lib/action_controller/metal.rb:252:in `dispatch'
actionpack (5.2.2) lib/action_dispatch/routing/route_set.rb:52:in `dispatch'
actionpack (5.2.2) lib/action_dispatch/routing/route_set.rb:34:in `serve'
actionpack (5.2.2) lib/action_dispatch/journey/router.rb:52:in `block in serve'
actionpack (5.2.2) lib/action_dispatch/journey/router.rb:35:in `each'
actionpack (5.2.2) lib/action_dispatch/journey/router.rb:35:in `serve'
actionpack (5.2.2) lib/action_dispatch/routing/route_set.rb:840:in `call'
rack (2.0.6) lib/rack/etag.rb:25:in `call'
rack (2.0.6) lib/rack/conditional_get.rb:38:in `call'
rack (2.0.6) lib/rack/head.rb:12:in `call'
activerecord (5.2.2) lib/active_record/migration.rb:559:in `call'
actionpack (5.2.2) lib/action_dispatch/middleware/callbacks.rb:28:in `block in call'
activesupport (5.2.2) lib/active_support/callbacks.rb:98:in `run_callbacks'
actionpack (5.2.2) lib/action_dispatch/middleware/callbacks.rb:26:in `call'
actionpack (5.2.2) lib/action_dispatch/middleware/executor.rb:14:in `call'
actionpack (5.2.2) lib/action_dispatch/middleware/debug_exceptions.rb:61:in `call'
actionpack (5.2.2) lib/action_dispatch/middleware/show_exceptions.rb:33:in `call'
railties (5.2.2) lib/rails/rack/logger.rb:38:in `call_app'
railties (5.2.2) lib/rails/rack/logger.rb:26:in `block in call'
activesupport (5.2.2) lib/active_support/tagged_logging.rb:71:in `block in tagged'
activesupport (5.2.2) lib/active_support/tagged_logging.rb:28:in `tagged'
activesupport (5.2.2) lib/active_support/tagged_logging.rb:71:in `tagged'
railties (5.2.2) lib/rails/rack/logger.rb:26:in `call'
actionpack (5.2.2) lib/action_dispatch/middleware/remote_ip.rb:81:in `call'
actionpack (5.2.2) lib/action_dispatch/middleware/request_id.rb:27:in `call'
rack (2.0.6) lib/rack/runtime.rb:22:in `call'
activesupport (5.2.2) lib/active_support/cache/strategy/local_cache_middleware.rb:29:in `call'
actionpack (5.2.2) lib/action_dispatch/middleware/executor.rb:14:in `call'
actionpack (5.2.2) lib/action_dispatch/middleware/static.rb:127:in `call'
rack (2.0.6) lib/rack/sendfile.rb:111:in `call'
rack-cors (1.0.2) lib/rack/cors.rb:97:in `call'
railties (5.2.2) lib/rails/engine.rb:524:in `call'
puma (3.12.0) lib/puma/configuration.rb:225:in `call'
puma (3.12.0) lib/puma/server.rb:658:in `handle_request'
puma (3.12.0) lib/puma/server.rb:472:in `process_client'
puma (3.12.0) lib/puma/server.rb:332:in `block in run'
puma (3.12.0) lib/puma/thread_pool.rb:133:in `block in spawn_thread'
Started POST "/api/v1/users" for ::1 at 2018-12-28 19:48:34 -0500
Processing by Api::V1::UsersController#create as */*
  Parameters: {"user"=>{"username"=>"Carson", "password_digest"=>"[FILTERED]"}}
  [1m[35m (0.2ms)[0m  [1m[35mBEGIN[0m
  ↳ (byebug):1
  [1m[36mUser Create (0.9ms)[0m  [1m[32mINSERT INTO "users" ("username", "password_digest", "created_at", "updated_at") VALUES ($1, $2, $3, $4) RETURNING "id"[0m  [["username", "Carson"], ["password_digest", "heyhey"], ["created_at", "2018-12-29 00:48:47.255502"], ["updated_at", "2018-12-29 00:48:47.255502"]]
  ↳ (byebug):1
  [1m[35m (1.1ms)[0m  [1m[35mCOMMIT[0m
  ↳ (byebug):1
Completed 204 No Content in 40005ms (ActiveRecord: 11.7ms)


Started POST "/api/v1/users" for ::1 at 2018-12-28 19:54:36 -0500
Processing by Api::V1::UsersController#create as */*
  Parameters: {"user"=>{"username"=>"Carson", "password_digest"=>"[FILTERED]"}}
  [1m[35m (0.3ms)[0m  [1m[35mBEGIN[0m
  ↳ app/controllers/api/v1/users_controller.rb:6
  [1m[36mUser Create (1.1ms)[0m  [1m[32mINSERT INTO "users" ("username", "password_digest", "created_at", "updated_at") VALUES ($1, $2, $3, $4) RETURNING "id"[0m  [["username", "Carson"], ["password_digest", "wassup"], ["created_at", "2018-12-29 00:54:36.262796"], ["updated_at", "2018-12-29 00:54:36.262796"]]
  ↳ app/controllers/api/v1/users_controller.rb:6
  [1m[35m (40.0ms)[0m  [1m[35mCOMMIT[0m
  ↳ app/controllers/api/v1/users_controller.rb:6
Completed 500 Internal Server Error in 71ms (ActiveRecord: 58.1ms)


  
NameError (uninitialized constant Api::V1::UsersController::JWT):
  
app/controllers/api/v1/users_controller.rb:8:in `create'
Started POST "/api/v1/users" for ::1 at 2018-12-28 20:01:01 -0500
Processing by Api::V1::UsersController#create as */*
  Parameters: {"user"=>{"username"=>"Carson", "password_digest"=>"[FILTERED]"}}
  [1m[35m (0.2ms)[0m  [1m[35mBEGIN[0m
  ↳ app/controllers/api/v1/users_controller.rb:6
  [1m[36mUser Create (1.6ms)[0m  [1m[32mINSERT INTO "users" ("username", "password_digest", "created_at", "updated_at") VALUES ($1, $2, $3, $4) RETURNING "id"[0m  [["username", "Carson"], ["password_digest", "wassup"], ["created_at", "2018-12-29 01:01:01.464564"], ["updated_at", "2018-12-29 01:01:01.464564"]]
  ↳ app/controllers/api/v1/users_controller.rb:6
  [1m[35m (0.6ms)[0m  [1m[35mCOMMIT[0m
  ↳ app/controllers/api/v1/users_controller.rb:6
Completed 500 Internal Server Error in 8ms (ActiveRecord: 2.4ms)


  
NameError (uninitialized constant Api::V1::UsersController::JWT):
  
app/controllers/api/v1/users_controller.rb:8:in `create'
Started POST "/api/v1/users" for ::1 at 2018-12-28 20:01:41 -0500
  
RuntimeError (Circular dependency detected while autoloading constant Api::V1::UsersController):
  
app/controllers/api/v1/users_controller.rb:1:in `<main>'
Started POST "/api/v1/users" for ::1 at 2018-12-28 20:07:44 -0500
  
RuntimeError (Circular dependency detected while autoloading constant Api::V1::UsersController):
  
app/controllers/api/v1/users_controller.rb:1:in `<main>'
Started GET "/api/v1/users" for ::1 at 2018-12-28 20:07:47 -0500
  
ActionController::RoutingError (No route matches [GET] "/api/v1/users"):
  
actionpack (5.2.2) lib/action_dispatch/middleware/debug_exceptions.rb:65:in `call'
actionpack (5.2.2) lib/action_dispatch/middleware/show_exceptions.rb:33:in `call'
railties (5.2.2) lib/rails/rack/logger.rb:38:in `call_app'
railties (5.2.2) lib/rails/rack/logger.rb:26:in `block in call'
activesupport (5.2.2) lib/active_support/tagged_logging.rb:71:in `block in tagged'
activesupport (5.2.2) lib/active_support/tagged_logging.rb:28:in `tagged'
activesupport (5.2.2) lib/active_support/tagged_logging.rb:71:in `tagged'
railties (5.2.2) lib/rails/rack/logger.rb:26:in `call'
actionpack (5.2.2) lib/action_dispatch/middleware/remote_ip.rb:81:in `call'
actionpack (5.2.2) lib/action_dispatch/middleware/request_id.rb:27:in `call'
rack (2.0.6) lib/rack/runtime.rb:22:in `call'
activesupport (5.2.2) lib/active_support/cache/strategy/local_cache_middleware.rb:29:in `call'
actionpack (5.2.2) lib/action_dispatch/middleware/executor.rb:14:in `call'
actionpack (5.2.2) lib/action_dispatch/middleware/static.rb:127:in `call'
rack (2.0.6) lib/rack/sendfile.rb:111:in `call'
rack-cors (1.0.2) lib/rack/cors.rb:97:in `call'
railties (5.2.2) lib/rails/engine.rb:524:in `call'
puma (3.12.0) lib/puma/configuration.rb:225:in `call'
puma (3.12.0) lib/puma/server.rb:658:in `handle_request'
puma (3.12.0) lib/puma/server.rb:472:in `process_client'
puma (3.12.0) lib/puma/server.rb:332:in `block in run'
puma (3.12.0) lib/puma/thread_pool.rb:133:in `block in spawn_thread'
Started GET "/api/v1/users" for ::1 at 2018-12-28 20:10:06 -0500
  
ActionController::RoutingError (No route matches [GET] "/api/v1/users"):
  
actionpack (5.2.2) lib/action_dispatch/middleware/debug_exceptions.rb:65:in `call'
actionpack (5.2.2) lib/action_dispatch/middleware/show_exceptions.rb:33:in `call'
railties (5.2.2) lib/rails/rack/logger.rb:38:in `call_app'
railties (5.2.2) lib/rails/rack/logger.rb:26:in `block in call'
activesupport (5.2.2) lib/active_support/tagged_logging.rb:71:in `block in tagged'
activesupport (5.2.2) lib/active_support/tagged_logging.rb:28:in `tagged'
activesupport (5.2.2) lib/active_support/tagged_logging.rb:71:in `tagged'
railties (5.2.2) lib/rails/rack/logger.rb:26:in `call'
actionpack (5.2.2) lib/action_dispatch/middleware/remote_ip.rb:81:in `call'
actionpack (5.2.2) lib/action_dispatch/middleware/request_id.rb:27:in `call'
rack (2.0.6) lib/rack/runtime.rb:22:in `call'
activesupport (5.2.2) lib/active_support/cache/strategy/local_cache_middleware.rb:29:in `call'
actionpack (5.2.2) lib/action_dispatch/middleware/executor.rb:14:in `call'
actionpack (5.2.2) lib/action_dispatch/middleware/static.rb:127:in `call'
rack (2.0.6) lib/rack/sendfile.rb:111:in `call'
rack-cors (1.0.2) lib/rack/cors.rb:97:in `call'
railties (5.2.2) lib/rails/engine.rb:524:in `call'
puma (3.12.0) lib/puma/configuration.rb:225:in `call'
puma (3.12.0) lib/puma/server.rb:658:in `handle_request'
puma (3.12.0) lib/puma/server.rb:472:in `process_client'
puma (3.12.0) lib/puma/server.rb:332:in `block in run'
puma (3.12.0) lib/puma/thread_pool.rb:133:in `block in spawn_thread'
Started GET "/api/v1/users" for ::1 at 2018-12-28 20:10:35 -0500
  
ActionController::RoutingError (No route matches [GET] "/api/v1/users"):
  
actionpack (5.2.2) lib/action_dispatch/middleware/debug_exceptions.rb:65:in `call'
actionpack (5.2.2) lib/action_dispatch/middleware/show_exceptions.rb:33:in `call'
railties (5.2.2) lib/rails/rack/logger.rb:38:in `call_app'
railties (5.2.2) lib/rails/rack/logger.rb:26:in `block in call'
activesupport (5.2.2) lib/active_support/tagged_logging.rb:71:in `block in tagged'
activesupport (5.2.2) lib/active_support/tagged_logging.rb:28:in `tagged'
activesupport (5.2.2) lib/active_support/tagged_logging.rb:71:in `tagged'
railties (5.2.2) lib/rails/rack/logger.rb:26:in `call'
actionpack (5.2.2) lib/action_dispatch/middleware/remote_ip.rb:81:in `call'
actionpack (5.2.2) lib/action_dispatch/middleware/request_id.rb:27:in `call'
rack (2.0.6) lib/rack/runtime.rb:22:in `call'
activesupport (5.2.2) lib/active_support/cache/strategy/local_cache_middleware.rb:29:in `call'
actionpack (5.2.2) lib/action_dispatch/middleware/executor.rb:14:in `call'
actionpack (5.2.2) lib/action_dispatch/middleware/static.rb:127:in `call'
rack (2.0.6) lib/rack/sendfile.rb:111:in `call'
rack-cors (1.0.2) lib/rack/cors.rb:97:in `call'
railties (5.2.2) lib/rails/engine.rb:524:in `call'
puma (3.12.0) lib/puma/configuration.rb:225:in `call'
puma (3.12.0) lib/puma/server.rb:658:in `handle_request'
puma (3.12.0) lib/puma/server.rb:472:in `process_client'
puma (3.12.0) lib/puma/server.rb:332:in `block in run'
puma (3.12.0) lib/puma/thread_pool.rb:133:in `block in spawn_thread'
Started GET "/api/v1/users" for ::1 at 2018-12-28 20:10:52 -0500
Processing by Api::V1::UsersController#index as HTML
  [1m[36mUser Load (1.1ms)[0m  [1m[34mSELECT "users".* FROM "users"[0m
  ↳ app/controllers/api/v1/users_controller.rb:5
Completed 200 OK in 33ms (Views: 10.7ms | ActiveRecord: 17.9ms)


Started POST "/api/v1/users" for ::1 at 2018-12-28 20:11:30 -0500
Processing by Api::V1::UsersController#create as */*
  Parameters: {"user"=>{"username"=>"This is a Test", "password_digest"=>"[FILTERED]"}}
  [1m[35m (0.2ms)[0m  [1m[35mBEGIN[0m
  ↳ app/controllers/api/v1/users_controller.rb:10
  [1m[36mUser Create (1.9ms)[0m  [1m[32mINSERT INTO "users" ("username", "password_digest", "created_at", "updated_at") VALUES ($1, $2, $3, $4) RETURNING "id"[0m  [["username", "This is a Test"], ["password_digest", "Working?"], ["created_at", "2018-12-29 01:11:30.430856"], ["updated_at", "2018-12-29 01:11:30.430856"]]
  ↳ app/controllers/api/v1/users_controller.rb:10
  [1m[35m (51.9ms)[0m  [1m[35mCOMMIT[0m
  ↳ app/controllers/api/v1/users_controller.rb:10
Completed 500 Internal Server Error in 61ms (ActiveRecord: 54.0ms)


  
NameError (uninitialized constant Api::V1::UsersController::JWT):
  
app/controllers/api/v1/users_controller.rb:12:in `create'
Started GET "/api/v1/users" for ::1 at 2018-12-28 20:11:33 -0500
Processing by Api::V1::UsersController#index as HTML
  [1m[36mUser Load (0.5ms)[0m  [1m[34mSELECT "users".* FROM "users"[0m
  ↳ app/controllers/api/v1/users_controller.rb:5
Completed 200 OK in 3ms (Views: 1.7ms | ActiveRecord: 0.5ms)


Started GET "/api/v1/users" for ::1 at 2018-12-28 20:14:21 -0500
Processing by Api::V1::UsersController#index as HTML
  [1m[36mUser Load (0.4ms)[0m  [1m[34mSELECT "users".* FROM "users"[0m
  ↳ app/controllers/api/v1/users_controller.rb:5
Completed 200 OK in 2ms (Views: 1.6ms | ActiveRecord: 0.4ms)


Started GET "/api/v1/users" for ::1 at 2018-12-28 20:14:44 -0500
  [1m[35m (1.0ms)[0m  [1m[34mSELECT "schema_migrations"."version" FROM "schema_migrations" ORDER BY "schema_migrations"."version" ASC[0m
  ↳ /Users/carsonrey/.rvm/gems/ruby-2.5.3/gems/activerecord-5.2.2/lib/active_record/log_subscriber.rb:98
Processing by Api::V1::UsersController#index as HTML
  [1m[36mUser Load (0.9ms)[0m  [1m[34mSELECT "users".* FROM "users"[0m
  ↳ app/controllers/api/v1/users_controller.rb:5
Completed 200 OK in 32ms (Views: 13.5ms | ActiveRecord: 7.8ms)


Started GET "/api/v1/users" for ::1 at 2018-12-28 20:17:44 -0500
Processing by Api::V1::UsersController#index as HTML
  [1m[36mUser Load (0.4ms)[0m  [1m[34mSELECT "users".* FROM "users"[0m
  ↳ app/controllers/api/v1/users_controller.rb:5
Completed 200 OK in 16ms (Views: 6.3ms | ActiveRecord: 6.0ms)


Started POST "/api/v1/users" for ::1 at 2018-12-28 20:25:00 -0500
Processing by Api::V1::UsersController#create as */*
  Parameters: {"user"=>{"username"=>"Carson", "password_digest"=>"[FILTERED]"}}
  [1m[35m (0.2ms)[0m  [1m[35mBEGIN[0m
  ↳ app/controllers/api/v1/users_controller.rb:11
  [1m[36mUser Create (1.0ms)[0m  [1m[32mINSERT INTO "users" ("username", "password_digest", "created_at", "updated_at") VALUES ($1, $2, $3, $4) RETURNING "id"[0m  [["username", "Carson"], ["password_digest", "Working?"], ["created_at", "2018-12-29 01:25:00.703281"], ["updated_at", "2018-12-29 01:25:00.703281"]]
  ↳ app/controllers/api/v1/users_controller.rb:11
  [1m[35m (0.5ms)[0m  [1m[35mCOMMIT[0m
  ↳ app/controllers/api/v1/users_controller.rb:11
Completed 200 OK in 25ms (Views: 0.6ms | ActiveRecord: 14.6ms)


